#
# A fatal error has been detected by the Java Runtime Environment:
#
#  EXCEPTION_ACCESS_VIOLATION (0xc0000005) at pc=0x000007feebcf2dbf, pid=7072, tid=2428
#
# JRE version: Java(TM) SE Runtime Environment (11.0.1+13) (build 11.0.1+13-LTS)
# Java VM: Java HotSpot(TM) 64-Bit Server VM (11.0.1+13-LTS, mixed mode, tiered, compressed oops, g1 gc, windows-amd64)
# Problematic frame:
# C  [avutil-55.dll+0x2dbf]
#
# No core dump will be written. Minidumps are not enabled by default on client versions of Windows
#
# If you would like to submit a bug report, please visit:
#   http://bugreport.java.com/bugreport/crash.jsp
# The crash happened outside the Java Virtual Machine in native code.
# See problematic frame for where to report the bug.
#

---------------  S U M M A R Y ------------

Command Line: -Dfile.encoding=UTF-8 com.packt.JavaDL.TransferLearning.VideoObjectDetection.ObjectDetectorFromVideo

Host: Intel(R) Core(TM)2 Quad CPU    Q8300  @ 2.50GHz, 4 cores, 7G,  Windows 7 , 64 bit Build 7601 (6.1.7601.17514)
Time: Fri Dec 28 14:36:39 2018 Hora estándar GMT elapsed time: 9 seconds (0d 0h 0m 9s)

---------------  T H R E A D  ---------------

Current thread (0x000000000029e000):  JavaThread "main" [_thread_in_native, id=2428, stack(0x0000000001ca0000,0x0000000001da0000)]

Stack: [0x0000000001ca0000,0x0000000001da0000],  sp=0x0000000001d9ebe8,  free space=1018k
Native frames: (J=compiled Java code, j=interpreted, Vv=VM code, C=native code)
C  [avutil-55.dll+0x2dbf]

Java frames: (J=compiled Java code, j=interpreted, Vv=VM code)
j  org.bytedeco.javacpp.avformat.avformat_open_input(Lorg/bytedeco/javacpp/avformat$AVFormatContext;Ljava/lang/String;Lorg/bytedeco/javacpp/avformat$AVInputFormat;Lorg/bytedeco/javacpp/avutil$AVDictionary;)I+0
j  org.bytedeco.javacv.FFmpegFrameGrabber.startUnsafe()V+624
j  org.bytedeco.javacv.FFmpegFrameGrabber.start()V+1
j  com.packt.JavaDL.TransferLearning.VideoObjectDetection.ObjectDetectorFromVideo.startRealTimeVideoDetection(Ljava/lang/String;Lcom/packt/JavaDL/TransferLearning/VideoObjectDetection/TinyYoloModel;)V+16
j  com.packt.JavaDL.TransferLearning.VideoObjectDetection.ObjectDetectorFromVideo.createJFrame()V+179
j  com.packt.JavaDL.TransferLearning.VideoObjectDetection.ObjectDetectorFromVideo.main([Ljava/lang/String;)V+7
v  ~StubRoutines::call_stub

siginfo: EXCEPTION_ACCESS_VIOLATION (0xc0000005), reading address 0x0000000000000000


Register to memory mapping:

RIP=0x000007feebcf2dbf avutil-55.dll
RAX=0x0000000000000072 is an unknown value
RBX=0x0 is NULL
RCX=0x0 is NULL
RDX=0x000007feea57938d points into unknown readable memory
RSP=0x0000000001d9ebe8 is pointing into the stack for thread: 0x000000000029e000
RBP=0x0 is NULL
RSI=0x000007feea573046 points into unknown readable memory
RDI=0x000007feea5415e1 points into unknown readable memory
R8 =0x0 is NULL
R9 =0x0000000f00960058 is an unknown value
R10=0x0000000000000001 is an unknown value
R11=0x0000000001d9eb80 is pointing into the stack for thread: 0x000000000029e000
R12=0x0 is NULL
R13=0x0000000001d9ec50 is pointing into the stack for thread: 0x000000000029e000
R14=0x0 is NULL
R15=0x000007feea5244c0 points into unknown readable memory


Registers:
RAX=0x0000000000000072, RBX=0x0000000000000000, RCX=0x0000000000000000, RDX=0x000007feea57938d
RSP=0x0000000001d9ebe8, RBP=0x0000000000000000, RSI=0x000007feea573046, RDI=0x000007feea5415e1
R8 =0x0000000000000000, R9 =0x0000000f00960058, R10=0x0000000000000001, R11=0x0000000001d9eb80
R12=0x0000000000000000, R13=0x0000000001d9ec50, R14=0x0000000000000000, R15=0x000007feea5244c0
RIP=0x000007feebcf2dbf, EFLAGS=0x0000000000010206

Top of Stack: (sp=0x0000000001d9ebe8)
0x0000000001d9ebe8:   000007feea30f586 0000000000000000
0x0000000001d9ebf8:   0000000000000000 0000000001d9ec50
0x0000000001d9ec08:   0000000000000000 000007feea519b20
0x0000000001d9ec18:   000007feea233de4 00000000003cbde0
0x0000000001d9ec28:   0000000000000000 0000000000000000
0x0000000001d9ec38:   000007feebd1cce8 0000000000000000
0x0000000001d9ec48:   00000000003c7840 0000000000000000
0x0000000001d9ec58:   000007feea615080 0000000000000000
0x0000000001d9ec68:   0000000000000000 0000000000000000
0x0000000001d9ec78:   0000000001d9ed4c 0000000000000000
0x0000000001d9ec88:   0000000000000000 0000000001d9ed50
0x0000000001d9ec98:   0000000001d9ede0 0000000001d9ede8
0x0000000001d9eca8:   0000000001d9eef0 000000000029e000
0x0000000001d9ecb8:   000007feea234042 0000000000000000
0x0000000001d9ecc8:   000007feebcf2fb6 0000000001d9ecec
0x0000000001d9ecd8:   0000000001d9ede0 0000000001d9ede8 

Instructions: (pc=0x000007feebcf2dbf)
0x000007feebcf2d9f:   00 0f b6 02 84 c0 75 18 eb 27 0f 1f 80 00 00 00
0x000007feebcf2daf:   00 48 83 c2 01 0f b6 02 48 83 c1 01 84 c0 74 11
0x000007feebcf2dbf:   3a 01 74 ed 84 c0 0f 94 c0 0f b6 c0 c3 0f 1f 40
0x000007feebcf2dcf:   00 4d 85 c0 74 0f 49 89 08 0f b6 02 84 c0 0f 94 



---------------  P R O C E S S  ---------------

Threads class SMR info:
_java_thread_list=0x0000000067bd70d0, length=22, elements={
0x000000000029e000, 0x0000000061d2e800, 0x0000000061d38000, 0x0000000061d40800,
0x0000000061d43800, 0x0000000061d46000, 0x0000000061d4a800, 0x0000000061d59800,
0x0000000062e2d000, 0x0000000062e32800, 0x0000000064565000, 0x000000006427a000,
0x000000006427d000, 0x0000000064a02000, 0x000000006762f800, 0x00000000648cb800,
0x0000000067b3e800, 0x0000000067a72000, 0x000000006847f000, 0x0000000068480000,
0x0000000068481000, 0x0000000068481800
}

Java Threads: ( => current thread )
=>0x000000000029e000 JavaThread "main" [_thread_in_native, id=2428, stack(0x0000000001ca0000,0x0000000001da0000)]
  0x0000000061d2e800 JavaThread "Reference Handler" daemon [_thread_blocked, id=6084, stack(0x00000000620c0000,0x00000000621c0000)]
  0x0000000061d38000 JavaThread "Finalizer" daemon [_thread_blocked, id=7964, stack(0x0000000062310000,0x0000000062410000)]
  0x0000000061d40800 JavaThread "Signal Dispatcher" daemon [_thread_blocked, id=6204, stack(0x0000000062200000,0x0000000062300000)]
  0x0000000061d43800 JavaThread "Attach Listener" daemon [_thread_blocked, id=6012, stack(0x0000000062530000,0x0000000062630000)]
  0x0000000061d46000 JavaThread "C2 CompilerThread0" daemon [_thread_blocked, id=2892, stack(0x00000000627a0000,0x00000000628a0000)]
  0x0000000061d4a800 JavaThread "C1 CompilerThread0" daemon [_thread_blocked, id=7576, stack(0x00000000628b0000,0x00000000629b0000)]
  0x0000000061d59800 JavaThread "Sweeper thread" daemon [_thread_blocked, id=4416, stack(0x0000000062a10000,0x0000000062b10000)]
  0x0000000062e2d000 JavaThread "Service Thread" daemon [_thread_blocked, id=6464, stack(0x0000000062fb0000,0x00000000630b0000)]
  0x0000000062e32800 JavaThread "Common-Cleaner" daemon [_thread_blocked, id=8068, stack(0x0000000062660000,0x0000000062760000)]
  0x0000000064565000 JavaThread "Java2D Disposer" daemon [_thread_blocked, id=6940, stack(0x0000000062410000,0x0000000062510000)]
  0x000000006427a000 JavaThread "AWT-Shutdown" [_thread_blocked, id=1404, stack(0x00000000650f0000,0x00000000651f0000)]
  0x000000006427d000 JavaThread "AWT-Windows" daemon [_thread_in_native, id=5844, stack(0x00000000652b0000,0x00000000653b0000)]
  0x0000000064a02000 JavaThread "AWT-EventQueue-0" [_thread_blocked, id=7776, stack(0x00000000689b0000,0x0000000068ab0000)]
  0x000000006762f800 JavaThread "Swing-Shell" daemon [_thread_blocked, id=7780, stack(0x0000000068ee0000,0x0000000068fe0000)]
  0x00000000648cb800 JavaThread "D3D Screen Updater" daemon [_thread_blocked, id=3104, stack(0x000000006a030000,0x000000006a130000)]
  0x0000000067b3e800 JavaThread "Workspace deallocator thread" daemon [_thread_blocked, id=7280, stack(0x000000006a8d0000,0x000000006a9d0000)]
  0x0000000067a72000 JavaThread "JavaCPP Deallocator" daemon [_thread_blocked, id=6376, stack(0x000000006aa90000,0x000000006ab90000)]
  0x000000006847f000 JavaThread "ResourceGC thread 0" daemon [_thread_blocked, id=5632, stack(0x00000000784c0000,0x00000000785c0000)]
  0x0000000068480000 JavaThread "ResourceGC thread 1" daemon [_thread_blocked, id=5492, stack(0x00000000783b0000,0x00000000784b0000)]
  0x0000000068481000 JavaThread "ResourceGC thread 2" daemon [_thread_blocked, id=1048, stack(0x00000000786f0000,0x00000000787f0000)]
  0x0000000068481800 JavaThread "ResourceGC thread 3" daemon [_thread_blocked, id=7460, stack(0x0000000078910000,0x0000000078a10000)]

Other Threads:
  0x0000000061d2c000 VMThread "VM Thread" [stack: 0x0000000061ed0000,0x0000000061fd0000] [id=2676]
  0x0000000062e9a800 WatcherThread [stack: 0x00000000630b0000,0x00000000631b0000] [id=6424]
  0x00000000002b4800 GCTaskThread "GC Thread#0" [stack: 0x00000000197f0000,0x00000000198f0000] [id=7556]
  0x0000000063d15800 GCTaskThread "GC Thread#1" [stack: 0x0000000064cc0000,0x0000000064dc0000] [id=8004]
  0x00000000637a7000 GCTaskThread "GC Thread#2" [stack: 0x0000000064b60000,0x0000000064c60000] [id=1064]
  0x0000000064612000 GCTaskThread "GC Thread#3" [stack: 0x0000000068740000,0x0000000068840000] [id=7284]
  0x00000000002e6800 ConcurrentGCThread "G1 Main Marker" [stack: 0x000000001e970000,0x000000001ea70000] [id=2140]
  0x00000000002e8000 ConcurrentGCThread "G1 Conc#0" [stack: 0x000000001e860000,0x000000001e960000] [id=5484]
  0x0000000020f12800 ConcurrentGCThread "G1 Refine#0" [stack: 0x00000000210f0000,0x00000000211f0000] [id=2620]
  0x0000000020f18000 ConcurrentGCThread "G1 Young RemSet Sampling" [stack: 0x00000000212f0000,0x00000000213f0000] [id=2500]

Threads with active compile tasks:

VM state:not at safepoint (normal execution)

VM Mutex/Monitor currently owned by a thread: None

Heap address: 0x0000000080000000, size: 2048 MB, Compressed Oops mode: 32-bit
Narrow klass base: 0x0000000000000000, Narrow klass shift: 0
Compressed class space size: 1073741824 Address: 0x00000000213f0000

Heap:
 garbage-first heap   total 166912K, used 101162K [0x0000000080000000, 0x0000000100000000)
  region size 1024K, 87 young (89088K), 5 survivors (5120K)
 Metaspace       used 40388K, capacity 40966K, committed 41088K, reserved 1085440K
  class space    used 4634K, capacity 4872K, committed 4992K, reserved 1048576K
Heap Regions: E=young(eden), S=young(survivor), O=old, HS=humongous(starts), HC=humongous(continues), CS=collection set, F=free, A=archive, TAMS=top-at-mark-start (previous, next)
|   0|0x0000000080000000, 0x0000000080100000, 0x0000000080100000|100%|HS|  |TAMS 0x0000000080100000, 0x0000000080000000| Complete 
|   1|0x0000000080100000, 0x0000000080200000, 0x0000000080200000|100%| O|  |TAMS 0x0000000080200000, 0x0000000080100000| Untracked 
|   2|0x0000000080200000, 0x0000000080300000, 0x0000000080300000|100%|HS|  |TAMS 0x0000000080300000, 0x0000000080200000| Complete 
|   3|0x0000000080300000, 0x0000000080400000, 0x0000000080400000|100%|HC|  |TAMS 0x0000000080400000, 0x0000000080300000| Complete 
|   4|0x0000000080400000, 0x0000000080500000, 0x0000000080500000|100%| O|  |TAMS 0x0000000080500000, 0x0000000080400000| Untracked 
|   5|0x0000000080500000, 0x0000000080600000, 0x0000000080600000|100%| O|  |TAMS 0x0000000080600000, 0x0000000080500000| Untracked 
|   6|0x0000000080600000, 0x0000000080700000, 0x0000000080700000|100%| O|  |TAMS 0x0000000080700000, 0x0000000080600000| Untracked 
|   7|0x0000000080700000, 0x0000000080800000, 0x0000000080800000|100%| O|  |TAMS 0x0000000080800000, 0x0000000080700000| Untracked 
|   8|0x0000000080800000, 0x0000000080900000, 0x0000000080900000|100%| O|  |TAMS 0x0000000080900000, 0x0000000080800000| Untracked 
|   9|0x0000000080900000, 0x0000000080a00000, 0x0000000080a00000|100%| O|  |TAMS 0x0000000080a00000, 0x0000000080900000| Untracked 
|  10|0x0000000080a00000, 0x0000000080b00000, 0x0000000080b00000|100%| O|  |TAMS 0x0000000080b00000, 0x0000000080a00000| Untracked 
|  11|0x0000000080b00000, 0x0000000080c00000, 0x0000000080c00000|100%| O|  |TAMS 0x0000000080c00000, 0x0000000080b00000| Untracked 
|  12|0x0000000080c00000, 0x0000000080cf4800, 0x0000000080d00000| 95%| O|  |TAMS 0x0000000080cf4800, 0x0000000080c00000| Untracked 
|  13|0x0000000080d00000, 0x0000000080d00000, 0x0000000080e00000|  0%| F|  |TAMS 0x0000000080d00000, 0x0000000080d00000| Untracked 
|  14|0x0000000080e00000, 0x0000000080e00000, 0x0000000080f00000|  0%| F|  |TAMS 0x0000000080e00000, 0x0000000080e00000| Untracked 
|  15|0x0000000080f00000, 0x0000000080f00000, 0x0000000081000000|  0%| F|  |TAMS 0x0000000080f00000, 0x0000000080f00000| Untracked 
|  16|0x0000000081000000, 0x0000000081000000, 0x0000000081100000|  0%| F|  |TAMS 0x0000000081000000, 0x0000000081000000| Untracked 
|  17|0x0000000081100000, 0x0000000081100000, 0x0000000081200000|  0%| F|  |TAMS 0x0000000081100000, 0x0000000081100000| Untracked 
|  18|0x0000000081200000, 0x0000000081200000, 0x0000000081300000|  0%| F|  |TAMS 0x0000000081200000, 0x0000000081200000| Untracked 
|  19|0x0000000081300000, 0x0000000081300000, 0x0000000081400000|  0%| F|  |TAMS 0x0000000081300000, 0x0000000081300000| Untracked 
|  20|0x0000000081400000, 0x0000000081400000, 0x0000000081500000|  0%| F|  |TAMS 0x0000000081400000, 0x0000000081400000| Untracked 
|  21|0x0000000081500000, 0x0000000081500000, 0x0000000081600000|  0%| F|  |TAMS 0x0000000081500000, 0x0000000081500000| Untracked 
|  22|0x0000000081600000, 0x0000000081600000, 0x0000000081700000|  0%| F|  |TAMS 0x0000000081600000, 0x0000000081600000| Untracked 
|  23|0x0000000081700000, 0x0000000081700000, 0x0000000081800000|  0%| F|  |TAMS 0x0000000081700000, 0x0000000081700000| Untracked 
|  24|0x0000000081800000, 0x0000000081800000, 0x0000000081900000|  0%| F|  |TAMS 0x0000000081800000, 0x0000000081800000| Untracked 
|  25|0x0000000081900000, 0x0000000081900000, 0x0000000081a00000|  0%| F|  |TAMS 0x0000000081900000, 0x0000000081900000| Untracked 
|  26|0x0000000081a00000, 0x0000000081a00000, 0x0000000081b00000|  0%| F|  |TAMS 0x0000000081a00000, 0x0000000081a00000| Untracked 
|  27|0x0000000081b00000, 0x0000000081b00000, 0x0000000081c00000|  0%| F|  |TAMS 0x0000000081b00000, 0x0000000081b00000| Untracked 
|  28|0x0000000081c00000, 0x0000000081c00000, 0x0000000081d00000|  0%| F|  |TAMS 0x0000000081c00000, 0x0000000081c00000| Untracked 
|  29|0x0000000081d00000, 0x0000000081d00000, 0x0000000081e00000|  0%| F|  |TAMS 0x0000000081d00000, 0x0000000081d00000| Untracked 
|  30|0x0000000081e00000, 0x0000000081e00000, 0x0000000081f00000|  0%| F|  |TAMS 0x0000000081e00000, 0x0000000081e00000| Untracked 
|  31|0x0000000081f00000, 0x0000000081f00000, 0x0000000082000000|  0%| F|  |TAMS 0x0000000081f00000, 0x0000000081f00000| Untracked 
|  32|0x0000000082000000, 0x0000000082000000, 0x0000000082100000|  0%| F|  |TAMS 0x0000000082000000, 0x0000000082000000| Untracked 
|  33|0x0000000082100000, 0x0000000082100000, 0x0000000082200000|  0%| F|  |TAMS 0x0000000082100000, 0x0000000082100000| Untracked 
|  34|0x0000000082200000, 0x0000000082200000, 0x0000000082300000|  0%| F|  |TAMS 0x0000000082200000, 0x0000000082200000| Untracked 
|  35|0x0000000082300000, 0x0000000082300000, 0x0000000082400000|  0%| F|  |TAMS 0x0000000082300000, 0x0000000082300000| Untracked 
|  36|0x0000000082400000, 0x0000000082400000, 0x0000000082500000|  0%| F|  |TAMS 0x0000000082400000, 0x0000000082400000| Untracked 
|  37|0x0000000082500000, 0x0000000082500000, 0x0000000082600000|  0%| F|  |TAMS 0x0000000082500000, 0x0000000082500000| Untracked 
|  38|0x0000000082600000, 0x0000000082600000, 0x0000000082700000|  0%| F|  |TAMS 0x0000000082600000, 0x0000000082600000| Untracked 
|  39|0x0000000082700000, 0x0000000082700000, 0x0000000082800000|  0%| F|  |TAMS 0x0000000082700000, 0x0000000082700000| Untracked 
|  40|0x0000000082800000, 0x0000000082800000, 0x0000000082900000|  0%| F|  |TAMS 0x0000000082800000, 0x0000000082800000| Untracked 
|  41|0x0000000082900000, 0x0000000082900000, 0x0000000082a00000|  0%| F|  |TAMS 0x0000000082900000, 0x0000000082900000| Untracked 
|  42|0x0000000082a00000, 0x0000000082a00000, 0x0000000082b00000|  0%| F|  |TAMS 0x0000000082a00000, 0x0000000082a00000| Untracked 
|  43|0x0000000082b00000, 0x0000000082b00000, 0x0000000082c00000|  0%| F|  |TAMS 0x0000000082b00000, 0x0000000082b00000| Untracked 
|  44|0x0000000082c00000, 0x0000000082c00000, 0x0000000082d00000|  0%| F|  |TAMS 0x0000000082c00000, 0x0000000082c00000| Untracked 
|  45|0x0000000082d00000, 0x0000000082d00000, 0x0000000082e00000|  0%| F|  |TAMS 0x0000000082d00000, 0x0000000082d00000| Untracked 
|  46|0x0000000082e00000, 0x0000000082e00000, 0x0000000082f00000|  0%| F|  |TAMS 0x0000000082e00000, 0x0000000082e00000| Untracked 
|  47|0x0000000082f00000, 0x0000000082f00000, 0x0000000083000000|  0%| F|  |TAMS 0x0000000082f00000, 0x0000000082f00000| Untracked 
|  48|0x0000000083000000, 0x0000000083000000, 0x0000000083100000|  0%| F|  |TAMS 0x0000000083000000, 0x0000000083000000| Untracked 
|  49|0x0000000083100000, 0x0000000083100000, 0x0000000083200000|  0%| F|  |TAMS 0x0000000083100000, 0x0000000083100000| Untracked 
|  50|0x0000000083200000, 0x0000000083200000, 0x0000000083300000|  0%| F|  |TAMS 0x0000000083200000, 0x0000000083200000| Untracked 
|  51|0x0000000083300000, 0x0000000083300000, 0x0000000083400000|  0%| F|  |TAMS 0x0000000083300000, 0x0000000083300000| Untracked 
|  52|0x0000000083400000, 0x0000000083400000, 0x0000000083500000|  0%| F|  |TAMS 0x0000000083400000, 0x0000000083400000| Untracked 
|  53|0x0000000083500000, 0x0000000083500000, 0x0000000083600000|  0%| F|  |TAMS 0x0000000083500000, 0x0000000083500000| Untracked 
|  54|0x0000000083600000, 0x0000000083600000, 0x0000000083700000|  0%| F|  |TAMS 0x0000000083600000, 0x0000000083600000| Untracked 
|  55|0x0000000083700000, 0x0000000083700000, 0x0000000083800000|  0%| F|  |TAMS 0x0000000083700000, 0x0000000083700000| Untracked 
|  56|0x0000000083800000, 0x0000000083800000, 0x0000000083900000|  0%| F|  |TAMS 0x0000000083800000, 0x0000000083800000| Untracked 
|  57|0x0000000083900000, 0x0000000083900000, 0x0000000083a00000|  0%| F|  |TAMS 0x0000000083900000, 0x0000000083900000| Untracked 
|  58|0x0000000083a00000, 0x0000000083a00000, 0x0000000083b00000|  0%| F|  |TAMS 0x0000000083a00000, 0x0000000083a00000| Untracked 
|  59|0x0000000083b00000, 0x0000000083b00000, 0x0000000083c00000|  0%| F|  |TAMS 0x0000000083b00000, 0x0000000083b00000| Untracked 
|  60|0x0000000083c00000, 0x0000000083c00000, 0x0000000083d00000|  0%| F|  |TAMS 0x0000000083c00000, 0x0000000083c00000| Untracked 
|  61|0x0000000083d00000, 0x0000000083dd6308, 0x0000000083e00000| 83%| S|CS|TAMS 0x0000000083d00000, 0x0000000083d00000| Complete 
|  62|0x0000000083e00000, 0x0000000083f00000, 0x0000000083f00000|100%| S|CS|TAMS 0x0000000083e00000, 0x0000000083e00000| Complete 
|  63|0x0000000083f00000, 0x0000000084000000, 0x0000000084000000|100%| S|CS|TAMS 0x0000000083f00000, 0x0000000083f00000| Complete 
|  64|0x0000000084000000, 0x0000000084100000, 0x0000000084100000|100%| S|CS|TAMS 0x0000000084000000, 0x0000000084000000| Complete 
|  65|0x0000000084100000, 0x0000000084200000, 0x0000000084200000|100%| S|CS|TAMS 0x0000000084100000, 0x0000000084100000| Complete 
|  66|0x0000000084200000, 0x0000000084200000, 0x0000000084300000|  0%| F|  |TAMS 0x0000000084200000, 0x0000000084200000| Untracked 
|  67|0x0000000084300000, 0x0000000084300000, 0x0000000084400000|  0%| F|  |TAMS 0x0000000084300000, 0x0000000084300000| Untracked 
|  68|0x0000000084400000, 0x0000000084400000, 0x0000000084500000|  0%| F|  |TAMS 0x0000000084400000, 0x0000000084400000| Untracked 
|  69|0x0000000084500000, 0x0000000084500000, 0x0000000084600000|  0%| F|  |TAMS 0x0000000084500000, 0x0000000084500000| Untracked 
|  70|0x0000000084600000, 0x0000000084600000, 0x0000000084700000|  0%| F|  |TAMS 0x0000000084600000, 0x0000000084600000| Untracked 
|  71|0x0000000084700000, 0x0000000084700000, 0x0000000084800000|  0%| F|  |TAMS 0x0000000084700000, 0x0000000084700000| Untracked 
|  72|0x0000000084800000, 0x0000000084800000, 0x0000000084900000|  0%| F|  |TAMS 0x0000000084800000, 0x0000000084800000| Untracked 
|  73|0x0000000084900000, 0x0000000084900000, 0x0000000084a00000|  0%| F|  |TAMS 0x0000000084900000, 0x0000000084900000| Untracked 
|  74|0x0000000084a00000, 0x0000000084a00000, 0x0000000084b00000|  0%| F|  |TAMS 0x0000000084a00000, 0x0000000084a00000| Untracked 
|  75|0x0000000084b00000, 0x0000000084b00000, 0x0000000084c00000|  0%| F|  |TAMS 0x0000000084b00000, 0x0000000084b00000| Untracked 
|  76|0x0000000084c00000, 0x0000000084c00000, 0x0000000084d00000|  0%| F|  |TAMS 0x0000000084c00000, 0x0000000084c00000| Untracked 
|  77|0x0000000084d00000, 0x0000000084d00000, 0x0000000084e00000|  0%| F|  |TAMS 0x0000000084d00000, 0x0000000084d00000| Untracked 
|  78|0x0000000084e00000, 0x0000000084e00000, 0x0000000084f00000|  0%| F|  |TAMS 0x0000000084e00000, 0x0000000084e00000| Untracked 
|  79|0x0000000084f00000, 0x0000000084f00000, 0x0000000085000000|  0%| F|  |TAMS 0x0000000084f00000, 0x0000000084f00000| Untracked 
|  80|0x0000000085000000, 0x0000000085000000, 0x0000000085100000|  0%| F|  |TAMS 0x0000000085000000, 0x0000000085000000| Untracked 
|  81|0x0000000085100000, 0x00000000851a0d98, 0x0000000085200000| 62%| E|  |TAMS 0x0000000085100000, 0x0000000085100000| Complete 
|  82|0x0000000085200000, 0x0000000085300000, 0x0000000085300000|100%| E|CS|TAMS 0x0000000085200000, 0x0000000085200000| Complete 
|  83|0x0000000085300000, 0x0000000085400000, 0x0000000085400000|100%| E|CS|TAMS 0x0000000085300000, 0x0000000085300000| Complete 
|  84|0x0000000085400000, 0x0000000085500000, 0x0000000085500000|100%| E|CS|TAMS 0x0000000085400000, 0x0000000085400000| Complete 
|  85|0x0000000085500000, 0x0000000085600000, 0x0000000085600000|100%| E|CS|TAMS 0x0000000085500000, 0x0000000085500000| Complete 
|  86|0x0000000085600000, 0x0000000085700000, 0x0000000085700000|100%| E|CS|TAMS 0x0000000085600000, 0x0000000085600000| Complete 
|  87|0x0000000085700000, 0x0000000085800000, 0x0000000085800000|100%| E|CS|TAMS 0x0000000085700000, 0x0000000085700000| Complete 
|  88|0x0000000085800000, 0x0000000085900000, 0x0000000085900000|100%| E|CS|TAMS 0x0000000085800000, 0x0000000085800000| Complete 
|  89|0x0000000085900000, 0x0000000085a00000, 0x0000000085a00000|100%| E|CS|TAMS 0x0000000085900000, 0x0000000085900000| Complete 
|  90|0x0000000085a00000, 0x0000000085b00000, 0x0000000085b00000|100%| E|CS|TAMS 0x0000000085a00000, 0x0000000085a00000| Complete 
|  91|0x0000000085b00000, 0x0000000085c00000, 0x0000000085c00000|100%| E|CS|TAMS 0x0000000085b00000, 0x0000000085b00000| Complete 
|  92|0x0000000085c00000, 0x0000000085d00000, 0x0000000085d00000|100%| E|CS|TAMS 0x0000000085c00000, 0x0000000085c00000| Complete 
|  93|0x0000000085d00000, 0x0000000085e00000, 0x0000000085e00000|100%| E|CS|TAMS 0x0000000085d00000, 0x0000000085d00000| Complete 
|  94|0x0000000085e00000, 0x0000000085f00000, 0x0000000085f00000|100%| E|CS|TAMS 0x0000000085e00000, 0x0000000085e00000| Complete 
|  95|0x0000000085f00000, 0x0000000086000000, 0x0000000086000000|100%| E|CS|TAMS 0x0000000085f00000, 0x0000000085f00000| Complete 
|  96|0x0000000086000000, 0x0000000086100000, 0x0000000086100000|100%| E|CS|TAMS 0x0000000086000000, 0x0000000086000000| Complete 
|  97|0x0000000086100000, 0x0000000086200000, 0x0000000086200000|100%| E|CS|TAMS 0x0000000086100000, 0x0000000086100000| Complete 
|  98|0x0000000086200000, 0x0000000086300000, 0x0000000086300000|100%| E|CS|TAMS 0x0000000086200000, 0x0000000086200000| Complete 
|  99|0x0000000086300000, 0x0000000086400000, 0x0000000086400000|100%| E|CS|TAMS 0x0000000086300000, 0x0000000086300000| Complete 
| 100|0x0000000086400000, 0x0000000086500000, 0x0000000086500000|100%| E|CS|TAMS 0x0000000086400000, 0x0000000086400000| Complete 
| 101|0x0000000086500000, 0x0000000086600000, 0x0000000086600000|100%| E|CS|TAMS 0x0000000086500000, 0x0000000086500000| Complete 
| 102|0x0000000086600000, 0x0000000086700000, 0x0000000086700000|100%| E|CS|TAMS 0x0000000086600000, 0x0000000086600000| Complete 
| 103|0x0000000086700000, 0x0000000086800000, 0x0000000086800000|100%| E|CS|TAMS 0x0000000086700000, 0x0000000086700000| Complete 
| 104|0x0000000086800000, 0x0000000086900000, 0x0000000086900000|100%| E|CS|TAMS 0x0000000086800000, 0x0000000086800000| Complete 
| 105|0x0000000086900000, 0x0000000086a00000, 0x0000000086a00000|100%| E|CS|TAMS 0x0000000086900000, 0x0000000086900000| Complete 
| 106|0x0000000086a00000, 0x0000000086b00000, 0x0000000086b00000|100%| E|CS|TAMS 0x0000000086a00000, 0x0000000086a00000| Complete 
| 107|0x0000000086b00000, 0x0000000086c00000, 0x0000000086c00000|100%| E|CS|TAMS 0x0000000086b00000, 0x0000000086b00000| Complete 
| 108|0x0000000086c00000, 0x0000000086d00000, 0x0000000086d00000|100%| E|CS|TAMS 0x0000000086c00000, 0x0000000086c00000| Complete 
| 109|0x0000000086d00000, 0x0000000086e00000, 0x0000000086e00000|100%| E|CS|TAMS 0x0000000086d00000, 0x0000000086d00000| Complete 
| 110|0x0000000086e00000, 0x0000000086f00000, 0x0000000086f00000|100%| E|CS|TAMS 0x0000000086e00000, 0x0000000086e00000| Complete 
| 111|0x0000000086f00000, 0x0000000087000000, 0x0000000087000000|100%| E|CS|TAMS 0x0000000086f00000, 0x0000000086f00000| Complete 
| 112|0x0000000087000000, 0x0000000087100000, 0x0000000087100000|100%| E|CS|TAMS 0x0000000087000000, 0x0000000087000000| Complete 
| 113|0x0000000087100000, 0x0000000087200000, 0x0000000087200000|100%| E|CS|TAMS 0x0000000087100000, 0x0000000087100000| Complete 
| 114|0x0000000087200000, 0x0000000087300000, 0x0000000087300000|100%| E|CS|TAMS 0x0000000087200000, 0x0000000087200000| Complete 
| 115|0x0000000087300000, 0x0000000087400000, 0x0000000087400000|100%| E|CS|TAMS 0x0000000087300000, 0x0000000087300000| Complete 
| 116|0x0000000087400000, 0x0000000087500000, 0x0000000087500000|100%| E|CS|TAMS 0x0000000087400000, 0x0000000087400000| Complete 
| 117|0x0000000087500000, 0x0000000087600000, 0x0000000087600000|100%| E|CS|TAMS 0x0000000087500000, 0x0000000087500000| Complete 
| 118|0x0000000087600000, 0x0000000087700000, 0x0000000087700000|100%| E|CS|TAMS 0x0000000087600000, 0x0000000087600000| Complete 
| 119|0x0000000087700000, 0x0000000087800000, 0x0000000087800000|100%| E|CS|TAMS 0x0000000087700000, 0x0000000087700000| Complete 
| 120|0x0000000087800000, 0x0000000087900000, 0x0000000087900000|100%| E|CS|TAMS 0x0000000087800000, 0x0000000087800000| Complete 
| 121|0x0000000087900000, 0x0000000087a00000, 0x0000000087a00000|100%| E|CS|TAMS 0x0000000087900000, 0x0000000087900000| Complete 
| 122|0x0000000087a00000, 0x0000000087b00000, 0x0000000087b00000|100%| E|CS|TAMS 0x0000000087a00000, 0x0000000087a00000| Complete 
| 123|0x0000000087b00000, 0x0000000087c00000, 0x0000000087c00000|100%| E|CS|TAMS 0x0000000087b00000, 0x0000000087b00000| Complete 
| 124|0x0000000087c00000, 0x0000000087d00000, 0x0000000087d00000|100%| E|CS|TAMS 0x0000000087c00000, 0x0000000087c00000| Complete 
| 125|0x0000000087d00000, 0x0000000087e00000, 0x0000000087e00000|100%| E|CS|TAMS 0x0000000087d00000, 0x0000000087d00000| Complete 
| 126|0x0000000087e00000, 0x0000000087f00000, 0x0000000087f00000|100%| E|CS|TAMS 0x0000000087e00000, 0x0000000087e00000| Complete 
| 127|0x0000000087f00000, 0x0000000088000000, 0x0000000088000000|100%| E|CS|TAMS 0x0000000087f00000, 0x0000000087f00000| Complete 
| 128|0x0000000088000000, 0x0000000088100000, 0x0000000088100000|100%| E|CS|TAMS 0x0000000088000000, 0x0000000088000000| Complete 
| 129|0x0000000088100000, 0x0000000088200000, 0x0000000088200000|100%| E|CS|TAMS 0x0000000088100000, 0x0000000088100000| Complete 
| 130|0x0000000088200000, 0x0000000088300000, 0x0000000088300000|100%| E|CS|TAMS 0x0000000088200000, 0x0000000088200000| Complete 
| 131|0x0000000088300000, 0x0000000088400000, 0x0000000088400000|100%| E|CS|TAMS 0x0000000088300000, 0x0000000088300000| Complete 
| 132|0x0000000088400000, 0x0000000088500000, 0x0000000088500000|100%| E|CS|TAMS 0x0000000088400000, 0x0000000088400000| Complete 
| 133|0x0000000088500000, 0x0000000088600000, 0x0000000088600000|100%| E|CS|TAMS 0x0000000088500000, 0x0000000088500000| Complete 
| 134|0x0000000088600000, 0x0000000088700000, 0x0000000088700000|100%| E|CS|TAMS 0x0000000088600000, 0x0000000088600000| Complete 
| 135|0x0000000088700000, 0x0000000088800000, 0x0000000088800000|100%| E|CS|TAMS 0x0000000088700000, 0x0000000088700000| Complete 
| 136|0x0000000088800000, 0x0000000088900000, 0x0000000088900000|100%| E|CS|TAMS 0x0000000088800000, 0x0000000088800000| Complete 
| 137|0x0000000088900000, 0x0000000088a00000, 0x0000000088a00000|100%| E|CS|TAMS 0x0000000088900000, 0x0000000088900000| Complete 
| 138|0x0000000088a00000, 0x0000000088b00000, 0x0000000088b00000|100%| E|CS|TAMS 0x0000000088a00000, 0x0000000088a00000| Complete 
| 139|0x0000000088b00000, 0x0000000088c00000, 0x0000000088c00000|100%| E|CS|TAMS 0x0000000088b00000, 0x0000000088b00000| Complete 
| 140|0x0000000088c00000, 0x0000000088d00000, 0x0000000088d00000|100%| E|CS|TAMS 0x0000000088c00000, 0x0000000088c00000| Complete 
| 141|0x0000000088d00000, 0x0000000088e00000, 0x0000000088e00000|100%| E|CS|TAMS 0x0000000088d00000, 0x0000000088d00000| Complete 
| 142|0x0000000088e00000, 0x0000000088f00000, 0x0000000088f00000|100%| E|CS|TAMS 0x0000000088e00000, 0x0000000088e00000| Complete 
| 143|0x0000000088f00000, 0x0000000089000000, 0x0000000089000000|100%| E|CS|TAMS 0x0000000088f00000, 0x0000000088f00000| Complete 
| 144|0x0000000089000000, 0x0000000089100000, 0x0000000089100000|100%| E|CS|TAMS 0x0000000089000000, 0x0000000089000000| Complete 
| 145|0x0000000089100000, 0x0000000089200000, 0x0000000089200000|100%| E|CS|TAMS 0x0000000089100000, 0x0000000089100000| Complete 
| 146|0x0000000089200000, 0x0000000089300000, 0x0000000089300000|100%| E|CS|TAMS 0x0000000089200000, 0x0000000089200000| Complete 
| 147|0x0000000089300000, 0x0000000089400000, 0x0000000089400000|100%| E|CS|TAMS 0x0000000089300000, 0x0000000089300000| Complete 
| 148|0x0000000089400000, 0x0000000089500000, 0x0000000089500000|100%| E|CS|TAMS 0x0000000089400000, 0x0000000089400000| Complete 
| 149|0x0000000089500000, 0x0000000089600000, 0x0000000089600000|100%| E|CS|TAMS 0x0000000089500000, 0x0000000089500000| Complete 
| 150|0x0000000089600000, 0x0000000089700000, 0x0000000089700000|100%| E|CS|TAMS 0x0000000089600000, 0x0000000089600000| Complete 
| 151|0x0000000089700000, 0x0000000089800000, 0x0000000089800000|100%| E|CS|TAMS 0x0000000089700000, 0x0000000089700000| Complete 
| 152|0x0000000089800000, 0x0000000089900000, 0x0000000089900000|100%| E|CS|TAMS 0x0000000089800000, 0x0000000089800000| Complete 
| 153|0x0000000089900000, 0x0000000089a00000, 0x0000000089a00000|100%| E|CS|TAMS 0x0000000089900000, 0x0000000089900000| Complete 
| 154|0x0000000089a00000, 0x0000000089b00000, 0x0000000089b00000|100%| E|CS|TAMS 0x0000000089a00000, 0x0000000089a00000| Complete 
| 155|0x0000000089b00000, 0x0000000089c00000, 0x0000000089c00000|100%| E|CS|TAMS 0x0000000089b00000, 0x0000000089b00000| Complete 
| 156|0x0000000089c00000, 0x0000000089d00000, 0x0000000089d00000|100%| E|CS|TAMS 0x0000000089c00000, 0x0000000089c00000| Complete 
| 157|0x0000000089d00000, 0x0000000089e00000, 0x0000000089e00000|100%| E|CS|TAMS 0x0000000089d00000, 0x0000000089d00000| Complete 
| 158|0x0000000089e00000, 0x0000000089f00000, 0x0000000089f00000|100%| E|CS|TAMS 0x0000000089e00000, 0x0000000089e00000| Complete 
| 159|0x0000000089f00000, 0x000000008a000000, 0x000000008a000000|100%| E|CS|TAMS 0x0000000089f00000, 0x0000000089f00000| Complete 
| 160|0x000000008a000000, 0x000000008a100000, 0x000000008a100000|100%| E|CS|TAMS 0x000000008a000000, 0x000000008a000000| Complete 
| 161|0x000000008a100000, 0x000000008a200000, 0x000000008a200000|100%| E|CS|TAMS 0x000000008a100000, 0x000000008a100000| Complete 
| 162|0x000000008a200000, 0x000000008a300000, 0x000000008a300000|100%| E|CS|TAMS 0x000000008a200000, 0x000000008a200000| Complete 

Card table byte_map: [0x000000001a020000,0x000000001a420000] _byte_map_base: 0x0000000019c20000

Marking Bits (Prev, Next): (CMBitMap*) 0x00000000002ddb78, (CMBitMap*) 0x00000000002ddbb0
 Prev Bits: [0x000000001a820000, 0x000000001c820000)
 Next Bits: [0x000000001c820000, 0x000000001e820000)

Polling page: 0x0000000000200000

Metaspace:

Usage:
  Non-class:     35.25 MB capacity,    34.92 MB (>99%) used,   261.30 KB ( <1%) free+waste,    78.31 KB ( <1%) overhead. 
      Class:      4.76 MB capacity,     4.53 MB ( 95%) used,   201.59 KB (  4%) free+waste,    35.94 KB ( <1%) overhead. 
       Both:     40.01 MB capacity,    39.44 MB ( 99%) used,   462.90 KB (  1%) free+waste,   114.25 KB ( <1%) overhead. 

Virtual space:
  Non-class space:       36.00 MB reserved,      35.25 MB ( 98%) committed 
      Class space:        1.00 GB reserved,       4.88 MB ( <1%) committed 
             Both:        1.04 GB reserved,      40.13 MB (  4%) committed 

Chunk freelists:
   Non-Class:  256 bytes
       Class:  3.00 KB
        Both:  3.25 KB

CodeHeap 'non-profiled nmethods': size=120064Kb used=1534Kb max_used=1534Kb free=118529Kb
 bounds [0x00000000120b0000, 0x0000000012320000, 0x00000000195f0000]
CodeHeap 'profiled nmethods': size=120000Kb used=5841Kb max_used=5841Kb free=114158Kb
 bounds [0x000000000ab80000, 0x000000000b140000, 0x00000000120b0000]
CodeHeap 'non-nmethods': size=5696Kb used=1741Kb max_used=1763Kb free=3954Kb
 bounds [0x000000000a5f0000, 0x000000000a860000, 0x000000000ab80000]
 total_blobs=4745 nmethods=2687 adapters=1243
 compilation: enabled
              stopped_count=0, restarted_count=0
 full_count=0

Compilation events (10 events):
Event: 9.071 Thread 0x0000000061d4a800 2706       3       jdk.internal.misc.Unsafe::checkNativeAddress (28 bytes)
Event: 9.071 Thread 0x0000000061d4a800 nmethod 2706 0x000000000b130990 code [0x000000000b130b40, 0x000000000b130cb8]
Event: 9.099 Thread 0x0000000061d4a800 2707       3       sun.nio.fs.WindowsPath::getFileName (87 bytes)
Event: 9.101 Thread 0x0000000061d4a800 nmethod 2707 0x000000000b130d90 code [0x000000000b131040, 0x000000000b131d70]
Event: 9.101 Thread 0x0000000061d4a800 2709   !   3       com.sun.proxy.$Proxy1::cinclude (29 bytes)
Event: 9.101 Thread 0x0000000061d4a800 nmethod 2709 0x000000000b132210 code [0x000000000b132400, 0x000000000b1327e0]
Event: 9.101 Thread 0x0000000061d4a800 2708       3       java.lang.Class::isAnnotationPresent (6 bytes)
Event: 9.101 Thread 0x0000000061d4a800 nmethod 2708 0x000000000b132a10 code [0x000000000b132c20, 0x000000000b1331f0]
Event: 9.103 Thread 0x0000000061d4a800 2710       3       org.bytedeco.javacpp.Loader::isLoadLibraries (44 bytes)
Event: 9.104 Thread 0x0000000061d4a800 nmethod 2710 0x000000000b133410 code [0x000000000b133700, 0x000000000b1344f0]

GC Heap History (10 events):
Event: 1.957 GC heap before
{Heap before GC invocations=2 (full 0):
 garbage-first heap   total 131072K, used 29731K [0x0000000080000000, 0x0000000100000000)
  region size 1024K, 18 young (18432K), 1 survivors (1024K)
 Metaspace       used 20630K, capacity 21128K, committed 21248K, reserved 1069056K
  class space    used 2278K, capacity 2490K, committed 2560K, reserved 1048576K
}
Event: 1.965 GC heap after
{Heap after GC invocations=3 (full 0):
 garbage-first heap   total 131072K, used 15015K [0x0000000080000000, 0x0000000100000000)
  region size 1024K, 3 young (3072K), 3 survivors (3072K)
 Metaspace       used 20630K, capacity 21128K, committed 21248K, reserved 1069056K
  class space    used 2278K, capacity 2490K, committed 2560K, reserved 1048576K
}
Event: 2.637 GC heap before
{Heap before GC invocations=4 (full 0):
 garbage-first heap   total 131072K, used 38567K [0x0000000080000000, 0x0000000100000000)
  region size 1024K, 27 young (27648K), 3 survivors (3072K)
 Metaspace       used 27284K, capacity 27763K, committed 27904K, reserved 1073152K
  class space    used 3539K, capacity 3742K, committed 3840K, reserved 1048576K
}
Event: 2.646 GC heap after
{Heap after GC invocations=5 (full 0):
 garbage-first heap   total 131072K, used 16441K [0x0000000080000000, 0x0000000100000000)
  region size 1024K, 4 young (4096K), 4 survivors (4096K)
 Metaspace       used 27284K, capacity 27763K, committed 27904K, reserved 1073152K
  class space    used 3539K, capacity 3742K, committed 3840K, reserved 1048576K
}
Event: 4.569 GC heap before
{Heap before GC invocations=5 (full 0):
 garbage-first heap   total 131072K, used 60473K [0x0000000080000000, 0x0000000100000000)
  region size 1024K, 45 young (46080K), 4 survivors (4096K)
 Metaspace       used 33938K, capacity 34442K, committed 34688K, reserved 1079296K
  class space    used 3950K, capacity 4171K, committed 4224K, reserved 1048576K
}
Event: 4.576 GC heap after
{Heap after GC invocations=6 (full 0):
 garbage-first heap   total 166912K, used 16871K [0x0000000080000000, 0x0000000100000000)
  region size 1024K, 4 young (4096K), 4 survivors (4096K)
 Metaspace       used 33938K, capacity 34442K, committed 34688K, reserved 1079296K
  class space    used 3950K, capacity 4171K, committed 4224K, reserved 1048576K
}
Event: 4.788 GC heap before
{Heap before GC invocations=6 (full 0):
 garbage-first heap   total 166912K, used 27111K [0x0000000080000000, 0x0000000100000000)
  region size 1024K, 15 young (15360K), 4 survivors (4096K)
 Metaspace       used 35279K, capacity 35781K, committed 35840K, reserved 1081344K
  class space    used 4120K, capacity 4339K, committed 4352K, reserved 1048576K
}
Event: 4.798 GC heap after
{Heap after GC invocations=7 (full 0):
 garbage-first heap   total 166912K, used 17109K [0x0000000080000000, 0x0000000100000000)
  region size 1024K, 4 young (4096K), 4 survivors (4096K)
 Metaspace       used 35279K, capacity 35781K, committed 35840K, reserved 1081344K
  class space    used 4120K, capacity 4339K, committed 4352K, reserved 1048576K
}
Event: 5.610 GC heap before
{Heap before GC invocations=8 (full 0):
 garbage-first heap   total 166912K, used 112341K [0x0000000080000000, 0x0000000100000000)
  region size 1024K, 97 young (99328K), 4 survivors (4096K)
 Metaspace       used 37509K, capacity 38110K, committed 38144K, reserved 1083392K
  class space    used 4343K, capacity 4582K, committed 4608K, reserved 1048576K
}
Event: 5.623 GC heap after
{Heap after GC invocations=9 (full 0):
 garbage-first heap   total 166912K, used 18218K [0x0000000080000000, 0x0000000100000000)
  region size 1024K, 5 young (5120K), 5 survivors (5120K)
 Metaspace       used 37509K, capacity 38110K, committed 38144K, reserved 1083392K
  class space    used 4343K, capacity 4582K, committed 4608K, reserved 1048576K
}

Deoptimization events (10 events):
Event: 5.378 Thread 0x000000000029e000 Uncommon trap: reason=unstable_if action=reinterpret pc=0x00000000121d37a8 method=java.util.regex.Pattern$CharPropertyGreedy.match(Ljava/util/regex/Matcher;ILjava/lang/CharSequence;)Z @ 94 c2
Event: 5.447 Thread 0x000000000029e000 Uncommon trap: reason=unstable_if action=reinterpret pc=0x00000000121cea78 method=java.io.DataInputStream.readUTF(Ljava/io/DataInput;)Ljava/lang/String; @ 112 c2
Event: 5.490 Thread 0x000000000029e000 Uncommon trap: reason=unstable_if action=reinterpret pc=0x00000000121ddab4 method=javassist.bytecode.AttributeInfo.read(Ljavassist/bytecode/ConstPool;Ljava/io/DataInputStream;)Ljavassist/bytecode/AttributeInfo; @ 38 c2
Event: 5.538 Thread 0x000000000029e000 Uncommon trap: reason=unstable_if action=reinterpret pc=0x00000000121e3c44 method=java.io.DataInputStream.readUTF(Ljava/io/DataInput;)Ljava/lang/String; @ 154 c2
Event: 5.943 Thread 0x000000000029e000 Uncommon trap: reason=unstable_if action=reinterpret pc=0x00000000120c7cfc method=java.lang.StringLatin1.indexOf([BII)I @ 13 c2
Event: 5.986 Thread 0x000000006762f800 Uncommon trap: reason=unstable_if action=reinterpret pc=0x0000000012190d4c method=java.io.WinNTFileSystem.normalize(Ljava/lang/String;II)Ljava/lang/String; @ 125 c2
Event: 8.343 Thread 0x000000000029e000 Uncommon trap: reason=profile_predicate action=maybe_recompile pc=0x000000001221f02c method=jdk.internal.jimage.ImageStringsReader.charsFromByteBuffer([CLjava/nio/ByteBuffer;)V @ 6 c2
Event: 8.343 Thread 0x000000000029e000 Uncommon trap: reason=profile_predicate action=maybe_recompile pc=0x000000001221f02c method=jdk.internal.jimage.ImageStringsReader.charsFromByteBuffer([CLjava/nio/ByteBuffer;)V @ 6 c2
Event: 8.343 Thread 0x000000000029e000 Uncommon trap: reason=profile_predicate action=maybe_recompile pc=0x000000001221f02c method=jdk.internal.jimage.ImageStringsReader.charsFromByteBuffer([CLjava/nio/ByteBuffer;)V @ 6 c2
Event: 8.343 Thread 0x000000000029e000 Uncommon trap: reason=profile_predicate action=maybe_recompile pc=0x000000001221f02c method=jdk.internal.jimage.ImageStringsReader.charsFromByteBuffer([CLjava/nio/ByteBuffer;)V @ 6 c2

Classes redefined (0 events):
No events

Internal exceptions (10 events):
Event: 5.893 Thread 0x000000000029e000 Exception <a 'java/lang/NoClassDefFoundError'{0x0000000088948750}> (0x0000000088948750) thrown at [t:/workspace/open/src/hotspot/share/prims/jni.cpp, line 615]
Event: 5.898 Thread 0x000000000029e000 Exception <a 'java/lang/NoClassDefFoundError'{0x00000000889571a0}: Could not initialize class org.nd4j.jita.allocator.impl.AtomicAllocator> (0x00000000889571a0) thrown at [t:/workspace/open/src/hotspot/share/oops/instanceKlass.cpp, line 946]
Event: 5.898 Thread 0x000000000029e000 Exception <a 'java/lang/reflect/InvocationTargetException'{0x0000000088957470}> (0x0000000088957470) thrown at [t:/workspace/open/src/hotspot/share/runtime/reflection.cpp, line 1242]
Event: 5.898 Thread 0x000000000029e000 Exception <a 'java/lang/NoClassDefFoundError'{0x00000000889571a0}> (0x00000000889571a0) thrown at [t:/workspace/open/src/hotspot/share/prims/jni.cpp, line 615]
Event: 5.898 Thread 0x000000000029e000 Exception <a 'java/lang/NoClassDefFoundError'{0x0000000088963118}: Could not initialize class org.nd4j.jita.allocator.impl.AtomicAllocator> (0x0000000088963118) thrown at [t:/workspace/open/src/hotspot/share/oops/instanceKlass.cpp, line 946]
Event: 5.898 Thread 0x000000000029e000 Exception <a 'java/lang/reflect/InvocationTargetException'{0x00000000889633e8}> (0x00000000889633e8) thrown at [t:/workspace/open/src/hotspot/share/runtime/reflection.cpp, line 1242]
Event: 5.898 Thread 0x000000000029e000 Exception <a 'java/lang/NoClassDefFoundError'{0x0000000088963118}> (0x0000000088963118) thrown at [t:/workspace/open/src/hotspot/share/prims/jni.cpp, line 615]
Event: 5.899 Thread 0x000000000029e000 Exception <a 'java/lang/NoClassDefFoundError'{0x0000000088971b68}: Could not initialize class org.nd4j.jita.allocator.impl.AtomicAllocator> (0x0000000088971b68) thrown at [t:/workspace/open/src/hotspot/share/oops/instanceKlass.cpp, line 946]
Event: 5.899 Thread 0x000000000029e000 Exception <a 'java/lang/reflect/InvocationTargetException'{0x0000000088971e38}> (0x0000000088971e38) thrown at [t:/workspace/open/src/hotspot/share/runtime/reflection.cpp, line 1242]
Event: 5.899 Thread 0x000000000029e000 Exception <a 'java/lang/NoClassDefFoundError'{0x0000000088971b68}> (0x0000000088971b68) thrown at [t:/workspace/open/src/hotspot/share/prims/jni.cpp, line 615]

Events (10 events):
Event: 9.032 loading class org/bytedeco/javacv/FrameGrabber$ImageMode
Event: 9.032 loading class org/bytedeco/javacv/FrameGrabber$ImageMode done
Event: 9.051 loading class org/bytedeco/javacv/FrameGrabber$SampleMode
Event: 9.051 loading class org/bytedeco/javacv/FrameGrabber$SampleMode done
Event: 9.052 loading class java/util/concurrent/Executors$FinalizableDelegatedExecutorService
Event: 9.066 loading class java/util/concurrent/Executors$DelegatedExecutorService
Event: 9.067 loading class java/util/concurrent/Executors$DelegatedExecutorService done
Event: 9.067 loading class java/util/concurrent/Executors$FinalizableDelegatedExecutorService done
Event: 9.162 loading class org/bytedeco/javacv/Frame
Event: 9.162 loading class org/bytedeco/javacv/Frame done


Dynamic libraries:
0x000000013fb80000 - 0x000000013fbc7000 	C:\Program Files\Java\jdk-11.0.1\bin\javaw.exe
0x0000000076ed0000 - 0x0000000077079000 	C:\Windows\SYSTEM32\ntdll.dll
0x0000000076cb0000 - 0x0000000076dcf000 	C:\Windows\system32\kernel32.dll
0x000007fefd0e0000 - 0x000007fefd14b000 	C:\Windows\system32\KERNELBASE.dll
0x000007feff050000 - 0x000007feff12b000 	C:\Windows\system32\ADVAPI32.dll
0x000007fefefa0000 - 0x000007feff03f000 	C:\Windows\system32\msvcrt.dll
0x000007feff160000 - 0x000007feff17f000 	C:\Windows\SYSTEM32\sechost.dll
0x000007fefec40000 - 0x000007fefed6d000 	C:\Windows\system32\RPCRT4.dll
0x0000000076dd0000 - 0x0000000076eca000 	C:\Windows\system32\USER32.dll
0x000007fefef30000 - 0x000007fefef97000 	C:\Windows\system32\GDI32.dll
0x000007feff040000 - 0x000007feff04e000 	C:\Windows\system32\LPK.dll
0x000007fefee10000 - 0x000007fefeed9000 	C:\Windows\system32\USP10.dll
0x000007fefb600000 - 0x000007fefb7f4000 	C:\Windows\WinSxS\amd64_microsoft.windows.common-controls_6595b64144ccf1df_6.0.7601.17514_none_fa396087175ac9ac\COMCTL32.dll
0x000007fefd380000 - 0x000007fefd3f1000 	C:\Windows\system32\SHLWAPI.dll
0x000007fefbda0000 - 0x000007fefbdac000 	C:\Windows\system32\VERSION.dll
0x000007feff130000 - 0x000007feff15e000 	C:\Windows\system32\IMM32.DLL
0x000007fefd5e0000 - 0x000007fefd6e9000 	C:\Windows\system32\MSCTF.dll
0x000007fefa490000 - 0x000007fefa4a6000 	C:\Program Files\Java\jdk-11.0.1\bin\vcruntime140.dll
0x000007fefa880000 - 0x000007fefa884000 	C:\Program Files\Java\jdk-11.0.1\bin\api-ms-win-crt-runtime-l1-1-0.dll
0x000007fef5710000 - 0x000007fef5806000 	C:\Program Files\Java\jdk-11.0.1\bin\ucrtbase.DLL
0x000007fefa840000 - 0x000007fefa843000 	C:\Program Files\Java\jdk-11.0.1\bin\api-ms-win-core-localization-l1-2-0.dll
0x000007fefa7f0000 - 0x000007fefa7f3000 	C:\Program Files\Java\jdk-11.0.1\bin\api-ms-win-core-processthreads-l1-1-1.dll
0x000007fefa7e0000 - 0x000007fefa7e3000 	C:\Program Files\Java\jdk-11.0.1\bin\api-ms-win-core-file-l1-2-0.dll
0x000007fefa7a0000 - 0x000007fefa7a3000 	C:\Program Files\Java\jdk-11.0.1\bin\api-ms-win-core-timezone-l1-1-0.dll
0x000007fefa520000 - 0x000007fefa523000 	C:\Program Files\Java\jdk-11.0.1\bin\api-ms-win-core-file-l2-1-0.dll
0x000007fefa400000 - 0x000007fefa403000 	C:\Program Files\Java\jdk-11.0.1\bin\api-ms-win-core-synch-l1-2-0.dll
0x000007fefa3f0000 - 0x000007fefa3f4000 	C:\Program Files\Java\jdk-11.0.1\bin\api-ms-win-crt-string-l1-1-0.dll
0x000007fefa3e0000 - 0x000007fefa3e3000 	C:\Program Files\Java\jdk-11.0.1\bin\api-ms-win-crt-heap-l1-1-0.dll
0x000007fefa3a0000 - 0x000007fefa3a4000 	C:\Program Files\Java\jdk-11.0.1\bin\api-ms-win-crt-stdio-l1-1-0.dll
0x000007fefa390000 - 0x000007fefa394000 	C:\Program Files\Java\jdk-11.0.1\bin\api-ms-win-crt-convert-l1-1-0.dll
0x000007fef5660000 - 0x000007fef570a000 	C:\Program Files\Java\jdk-11.0.1\bin\msvcp140.dll
0x000007fefa380000 - 0x000007fefa383000 	C:\Program Files\Java\jdk-11.0.1\bin\api-ms-win-crt-locale-l1-1-0.dll
0x000007fefa370000 - 0x000007fefa375000 	C:\Program Files\Java\jdk-11.0.1\bin\api-ms-win-crt-math-l1-1-0.dll
0x000007fefa360000 - 0x000007fefa365000 	C:\Program Files\Java\jdk-11.0.1\bin\api-ms-win-crt-multibyte-l1-1-0.dll
0x000007fefa180000 - 0x000007fefa183000 	C:\Program Files\Java\jdk-11.0.1\bin\api-ms-win-crt-time-l1-1-0.dll
0x000007fefa160000 - 0x000007fefa163000 	C:\Program Files\Java\jdk-11.0.1\bin\api-ms-win-crt-filesystem-l1-1-0.dll
0x000007fef6bc0000 - 0x000007fef6bc3000 	C:\Program Files\Java\jdk-11.0.1\bin\api-ms-win-crt-environment-l1-1-0.dll
0x000007fef6bb0000 - 0x000007fef6bb3000 	C:\Program Files\Java\jdk-11.0.1\bin\api-ms-win-crt-utility-l1-1-0.dll
0x000007feda900000 - 0x000007fedb442000 	C:\Program Files\Java\jdk-11.0.1\bin\server\jvm.dll
0x000007fef5d90000 - 0x000007fef5d99000 	C:\Windows\system32\WSOCK32.dll
0x000007fefeee0000 - 0x000007fefef2d000 	C:\Windows\system32\WS2_32.dll
0x000007fefd1f0000 - 0x000007fefd1f8000 	C:\Windows\system32\NSI.dll
0x000007fefa410000 - 0x000007fefa44b000 	C:\Windows\system32\WINMM.dll
0x00000000770a0000 - 0x00000000770a7000 	C:\Windows\system32\PSAPI.DLL
0x000007fef5e50000 - 0x000007fef5e61000 	C:\Program Files\Java\jdk-11.0.1\bin\verify.dll
0x000007fefa8a0000 - 0x000007fefa9c5000 	C:\Windows\system32\DBGHELP.DLL
0x000007fef5e20000 - 0x000007fef5e49000 	C:\Program Files\Java\jdk-11.0.1\bin\java.dll
0x000007fef5e00000 - 0x000007fef5e16000 	C:\Program Files\Java\jdk-11.0.1\bin\zip.dll
0x000007fef6220000 - 0x000007fef622a000 	C:\Program Files\Java\jdk-11.0.1\bin\jimage.dll
0x000007fefda60000 - 0x000007fefe7e8000 	C:\Windows\system32\SHELL32.dll
0x000007fefd850000 - 0x000007fefda53000 	C:\Windows\system32\ole32.dll
0x000007fefce20000 - 0x000007fefce2f000 	C:\Windows\system32\profapi.dll
0x000007fef5de0000 - 0x000007fef5df9000 	C:\Program Files\Java\jdk-11.0.1\bin\net.dll
0x000007fef8b90000 - 0x000007fef8c01000 	C:\Windows\system32\WINHTTP.dll
0x000007fef8b20000 - 0x000007fef8b84000 	C:\Windows\system32\webio.dll
0x000007fefc650000 - 0x000007fefc6a5000 	C:\Windows\system32\mswsock.dll
0x000007fefc640000 - 0x000007fefc647000 	C:\Windows\System32\wship6.dll
0x000007fef5dc0000 - 0x000007fef5dd3000 	C:\Program Files\Java\jdk-11.0.1\bin\nio.dll
0x000007feec910000 - 0x000007feecaaf000 	C:\Program Files\Java\jdk-11.0.1\bin\awt.dll
0x000007fefd6f0000 - 0x000007fefd7c7000 	C:\Windows\system32\OLEAUT32.dll
0x000007feec820000 - 0x000007feec902000 	C:\Windows\system32\d2d1.dll
0x000007fefafc0000 - 0x000007fefafd8000 	C:\Windows\system32\DWMAPI.DLL
0x000007feeb390000 - 0x000007feeb4ad000 	C:\Windows\system32\opengl32.dll
0x000007fef6b20000 - 0x000007fef6b4d000 	C:\Windows\system32\GLU32.dll
0x000007fef4b80000 - 0x000007fef4c71000 	C:\Windows\system32\DDRAW.dll
0x000007fef6b60000 - 0x000007fef6b68000 	C:\Windows\system32\DCIMAN32.dll
0x000007fefd400000 - 0x000007fefd5d7000 	C:\Windows\system32\SETUPAPI.dll
0x000007fefced0000 - 0x000007fefcf06000 	C:\Windows\system32\CFGMGR32.dll
0x000007fefd0c0000 - 0x000007fefd0da000 	C:\Windows\system32\DEVOBJ.dll
0x000007fefb3c0000 - 0x000007fefb416000 	C:\Windows\system32\uxtheme.dll
0x000007fefcd10000 - 0x000007fefcd1f000 	C:\Windows\system32\CRYPTBASE.dll
0x000007fef5240000 - 0x000007fef543f000 	C:\Windows\system32\d3d9.dll
0x000007fef6210000 - 0x000007fef6217000 	C:\Windows\system32\d3d8thk.dll
0x000007fedd790000 - 0x000007fedeb37000 	C:\Windows\system32\nvd3dumx.dll
0x000007fefbaf0000 - 0x000007fefbb1c000 	C:\Windows\system32\powrprof.dll
0x000007fefcf10000 - 0x000007fefd077000 	C:\Windows\system32\crypt32.dll
0x000007fefcec0000 - 0x000007fefcecf000 	C:\Windows\system32\MSASN1.dll
0x000007fefd080000 - 0x000007fefd0ba000 	C:\Windows\system32\WINTRUST.DLL
0x000007fefe7f0000 - 0x000007fefe807000 	C:\Windows\system32\imagehlp.dll
0x000007fefc6b0000 - 0x000007fefc6c7000 	C:\Windows\system32\CRYPTSP.dll
0x000007fefc3b0000 - 0x000007fefc3f7000 	C:\Windows\system32\rsaenh.dll
0x000007fefc830000 - 0x000007fefc87e000 	C:\Windows\system32\ncrypt.dll
0x000007fefc800000 - 0x000007fefc822000 	C:\Windows\system32\bcrypt.dll
0x000007fefc2f0000 - 0x000007fefc33c000 	C:\Windows\system32\bcryptprimitives.dll
0x000007fefc170000 - 0x000007fefc18e000 	C:\Windows\system32\USERENV.dll
0x000007fefc150000 - 0x000007fefc16b000 	C:\Windows\system32\GPAPI.dll
0x000007fefa450000 - 0x000007fefa476000 	C:\Windows\system32\cryptnet.dll
0x000007feff180000 - 0x000007feff1d2000 	C:\Windows\system32\WLDAP32.dll
0x000007fef6490000 - 0x000007fef64ab000 	C:\Windows\system32\Cabinet.dll
0x000007fefc190000 - 0x000007fefc1a2000 	C:\Windows\system32\DEVRTL.dll
0x000007fef5830000 - 0x000007fef58d0000 	C:\Windows\WinSxS\amd64_microsoft.windows.common-controls_6595b64144ccf1df_5.82.7601.17514_none_a4d6a923711520a9\comctl32.dll
0x000007fef62f0000 - 0x000007fef6370000 	C:\Program Files\Java\jdk-11.0.1\bin\freetype.dll
0x000007fef55f0000 - 0x000007fef565f000 	C:\Program Files\Java\jdk-11.0.1\bin\fontmanager.dll
0x000007fefe940000 - 0x000007fefe9d9000 	C:\Windows\system32\CLBCatQ.DLL
0x000007fefb480000 - 0x000007fefb5ac000 	C:\Windows\system32\propsys.dll
0x000007fefbd70000 - 0x000007fefbd9d000 	C:\Windows\system32\ntmarta.dll
0x000007fefccb0000 - 0x000007fefcd07000 	C:\Windows\system32\apphelp.dll
0x000007fef3680000 - 0x000007fef381c000 	C:\Windows\system32\NetworkExplorer.dll
0x000007fef3ce0000 - 0x000007fef3d14000 	C:\Windows\System32\shdocvw.dll
0x000007fefaa40000 - 0x000007fefaa4b000 	C:\Windows\system32\slc.dll
0x000007fefa3b0000 - 0x000007fefa3c8000 	C:\Windows\system32\MPR.dll
0x000007fef60d0000 - 0x000007fef60da000 	C:\Windows\System32\drprov.dll
0x000007fefcdc0000 - 0x000007fefcdfd000 	C:\Windows\System32\WINSTA.dll
0x000007feef040000 - 0x000007feef062000 	C:\Windows\System32\ntlanman.dll
0x000007fef5520000 - 0x000007fef553c000 	C:\Windows\System32\davclnt.dll
0x000007fef5d80000 - 0x000007fef5d8a000 	C:\Windows\System32\DAVHLPR.dll
0x000007fefac60000 - 0x000007fefac75000 	C:\Windows\system32\wkscli.dll
0x000007fef7b70000 - 0x000007fef7b7f000 	C:\Windows\system32\cscapi.dll
0x000007fefac80000 - 0x000007fefac8c000 	C:\Windows\system32\netutils.dll
0x000007feea630000 - 0x000007feea8a1000 	C:\Windows\system32\wpdshext.dll
0x000007fefb180000 - 0x000007fefb395000 	C:\Windows\WinSxS\amd64_microsoft.windows.gdiplus_6595b64144ccf1df_1.1.7601.17514_none_2b24536c71ed437a\gdiplus.dll
0x000007fef6a40000 - 0x000007fef6afd000 	C:\Windows\system32\PortableDeviceApi.dll
0x000007fef55b0000 - 0x000007fef55e5000 	C:\Windows\system32\EhStorShell.dll
0x000007fef6500000 - 0x000007fef6527000 	C:\Windows\system32\EhStorAPI.dll
0x000007fef6200000 - 0x000007fef620c000 	C:\Windows\system32\LINKINFO.dll
0x000000006bd60000 - 0x000000006d950000 	C:\Users\EUGENIO\.javacpp\cache\nd4j-native-1.0.0-alpha-windows-x86_64.jar\org\nd4j\nativeblas\windows-x86_64\libnd4jcpu.dll
0x000000006d950000 - 0x000000006df11000 	C:\Users\EUGENIO\.javacpp\cache\nd4j-native-1.0.0-alpha-windows-x86_64.jar\org\nd4j\nativeblas\windows-x86_64\jnind4jcpu.dll
0x000000006e4b0000 - 0x000000007064e000 	C:\Users\EUGENIO\.javacpp\cache\openblas-0.2.20-1.4.1-windows-x86_64.jar\org\bytedeco\javacpp\windows-x86_64\libopenblas.dll
0x00000000770b0000 - 0x0000000077e20000 	C:\Users\EUGENIO\.javacpp\cache\openblas-0.2.20-1.4.1-windows-x86_64.jar\org\bytedeco\javacpp\windows-x86_64\jniopenblas.dll
0x000007fefa070000 - 0x000007fefa097000 	C:\Windows\system32\IPHLPAPI.DLL
0x000007fefa060000 - 0x000007fefa06b000 	C:\Windows\system32\WINNSI.DLL
0x000007fef9f20000 - 0x000007fef9f31000 	C:\Windows\system32\dhcpcsvc6.DLL
0x000007fef9f00000 - 0x000007fef9f18000 	C:\Windows\system32\dhcpcsvc.DLL
0x000007feebcf0000 - 0x000007feebdb7000 	C:\Users\EUGENIO\.javacpp\cache\ffmpeg-3.4.2-1.4.1-windows-x86_64.jar\org\bytedeco\javacpp\windows-x86_64\avutil-55.dll
0x0000000068840000 - 0x0000000068912000 	C:\Users\EUGENIO\.javacpp\cache\ffmpeg-3.4.2-1.4.1-windows-x86_64.jar\org\bytedeco\javacpp\windows-x86_64\jniavutil.dll
0x000007fef64d0000 - 0x000007fef64f8000 	C:\Users\EUGENIO\.javacpp\cache\ffmpeg-3.4.2-1.4.1-windows-x86_64.jar\org\bytedeco\javacpp\windows-x86_64\swresample-2.dll
0x00000000212a0000 - 0x00000000212ce000 	C:\Users\EUGENIO\.javacpp\cache\ffmpeg-3.4.2-1.4.1-windows-x86_64.jar\org\bytedeco\javacpp\windows-x86_64\jniswresample.dll
0x000007fed8950000 - 0x000007feda8f9000 	C:\Users\EUGENIO\.javacpp\cache\ffmpeg-3.4.2-1.4.1-windows-x86_64.jar\org\bytedeco\javacpp\windows-x86_64\avcodec-57.dll

dbghelp: loaded successfully - version: 4.0.5 - missing functions: none
symbol engine: initialized successfully - sym options: 0x614 - pdb path: .;C:\Program Files\Java\jdk-11.0.1\bin;C:\Windows\SYSTEM32;C:\Windows\WinSxS\amd64_microsoft.windows.common-controls_6595b64144ccf1df_6.0.7601.17514_none_fa396087175ac9ac;C:\Program Files\Java\jdk-11.0.1\bin\server;C:\Windows\WinSxS\amd64_microsoft.windows.common-controls_6595b64144ccf1df_5.82.7601.17514_none_a4d6a923711520a9;C:\Windows\WinSxS\amd64_microsoft.windows.gdiplus_6595b64144ccf1df_1.1.7601.17514_none_2b24536c71ed437a;C:\Users\EUGENIO\.javacpp\cache\nd4j-native-1.0.0-alpha-windows-x86_64.jar\org\nd4j\nativeblas\windows-x86_64;C:\Users\EUGENIO\.javacpp\cache\openblas-0.2.20-1.4.1-windows-x86_64.jar\org\bytedeco\javacpp\windows-x86_64;C:\Users\EUGENIO\.javacpp\cache\ffmpeg-3.4.2-1.4.1-windows-x86_64.jar\org\bytedeco\javacpp\windows-x86_64

VM Arguments:
jvm_args: -Dfile.encoding=UTF-8 
java_command: com.packt.JavaDL.TransferLearning.VideoObjectDetection.ObjectDetectorFromVideo
java_class_path (initial): C:\Users\EUGENIO\git\LDH-Proyecto\target\classes;C:\Users\EUGENIO\.m2\repository\org\nd4j\nd4j-native\1.0.0-alpha\nd4j-native-1.0.0-alpha.jar;C:\Users\EUGENIO\.m2\repository\org\nd4j\nd4j-native\1.0.0-alpha\nd4j-native-1.0.0-alpha-windows-x86_64.jar;C:\Users\EUGENIO\.m2\repository\org\bytedeco\javacpp\1.4.1\javacpp-1.4.1.jar;C:\Users\EUGENIO\.m2\repository\org\bytedeco\javacpp-presets\openblas\0.2.20-1.4.1\openblas-0.2.20-1.4.1.jar;C:\Users\EUGENIO\.m2\repository\org\bytedeco\javacpp-presets\openblas\0.2.20-1.4.1\openblas-0.2.20-1.4.1-windows-x86_64.jar;C:\Users\EUGENIO\.m2\repository\org\bytedeco\javacpp-presets\mkl\2018.1-1.4.1\mkl-2018.1-1.4.1.jar;C:\Users\EUGENIO\.m2\repository\org\nd4j\nd4j-native-api\1.0.0-alpha\nd4j-native-api-1.0.0-alpha.jar;C:\Users\EUGENIO\.m2\repository\org\nd4j\nd4j-api\1.0.0-alpha\nd4j-api-1.0.0-alpha.jar;C:\Users\EUGENIO\.m2\repository\com\vlkan\flatbuffers\1.2.0-3f79e055\flatbuffers-1.2.0-3f79e055.jar;C:\Users\EUGENIO\.m2\repository\com\github\os72\protobuf-java-shaded-351\0.9\protobuf-java-shaded-351-0.9.jar;C:\Users\EUGENIO\.m2\repository\com\github\os72\protobuf-java-util-shaded-351\0.9\protobuf-java-util-shaded-351-0.9.jar;C:\Users\EUGENIO\.m2\repository\com\google\guava\guava\19.0\guava-19.0.jar;C:\Users\EUGENIO\.m2\repository\com\google\code\gson\gson\2.7\gson-2.7.jar;C:\Users\EUGENIO\.m2\repository\uk\com\robust-it\cloning\1.9.3\cloning-1.9.3.jar;C:\Users\EUGENIO\.m2\repository\org\objenesis\objenesis\2.1\objenesis-2.1.jar;C:\Users\EUGENIO\.m2\repository\org\nd4j\nd4j-context\1.0.0-alpha\nd4j-context-1.0.0-alpha.jar;C:\Users\EUGENIO\.m2\repository\net\ericaro\neoitertools\1.0.0\neoitertools-1.0.0.jar;C:\Users\EUGENIO\.m2\repository\org\reflections\reflections\0.9.10\reflections-0.9.10.jar;C:\Users\EUGENIO\.m2\repository\org\javassist\javassist\3.19.0-GA\javassist-3.19.0-GA.jar;C:\Users\EUGENIO\.m2\repository\org\deeplearning4j\deeplearning4j-cuda-9.0\1.0.0-alpha\deeplearning4j-cuda-9.0-1.0.0-alpha.j
Launcher Type: SUN_STANDARD

[Global flags]
     intx CICompilerCount                          = 3                                         {product} {ergonomic}
     uint ConcGCThreads                            = 1                                         {product} {ergonomic}
     uint G1ConcRefinementThreads                  = 4                                         {product} {ergonomic}
   size_t G1HeapRegionSize                         = 1048576                                   {product} {ergonomic}
    uintx GCDrainStackTargetSize                   = 64                                        {product} {ergonomic}
   size_t InitialHeapSize                          = 134217728                                 {product} {ergonomic}
   size_t MarkStackSize                            = 4194304                                   {product} {ergonomic}
   size_t MaxHeapSize                              = 2147483648                                {product} {ergonomic}
   size_t MaxNewSize                               = 1287651328                                {product} {ergonomic}
   size_t MinHeapDeltaBytes                        = 1048576                                   {product} {ergonomic}
    uintx NonNMethodCodeHeapSize                   = 5830092                                {pd product} {ergonomic}
    uintx NonProfiledCodeHeapSize                  = 122914074                              {pd product} {ergonomic}
    uintx ProfiledCodeHeapSize                     = 122914074                              {pd product} {ergonomic}
    uintx ReservedCodeCacheSize                    = 251658240                              {pd product} {ergonomic}
     bool SegmentedCodeCache                       = true                                      {product} {ergonomic}
     bool UseCompressedClassPointers               = true                                 {lp64_product} {ergonomic}
     bool UseCompressedOops                        = true                                 {lp64_product} {ergonomic}
     bool UseG1GC                                  = true                                      {product} {ergonomic}
     bool UseLargePagesIndividualAllocation        = false                                  {pd product} {ergonomic}

Logging:
Log output configuration:
 #0: stdout all=warning uptime,level,tags
 #1: stderr all=off uptime,level,tags

Environment Variables:
PATH=C:/Program Files/Java/jdk-11.0.1/bin/server;C:/Program Files/Java/jdk-11.0.1/bin;C:\Program Files\Common Files\Microsoft Shared\Windows Live;C:\Windows\system32;C:\Windows;C:\Windows\System32\Wbem;C:\Windows\System32\WindowsPowerShell\v1.0\;C:\Program Files\Intel\DMIX;C:\Windows\system32;
USERNAME=EUGENIO
OS=Windows_NT
PROCESSOR_IDENTIFIER=Intel64 Family 6 Model 23 Stepping 10, GenuineIntel



---------------  S Y S T E M  ---------------

OS: Windows 7 , 64 bit Build 7601 (6.1.7601.17514)

CPU:total 4 (initial active 4) (4 cores per cpu, 1 threads per core) family 6 model 23 stepping 10, cmov, cx8, fxsr, mmx, sse, sse2, sse3, ssse3, sse4.1, tsc

Memory: 4k page, system-wide physical 8190M (3411M free)
TotalPageFile size 16378M (AvailPageFile size 8042M)
current process WorkingSet (physical memory assigned to process): 326M, peak: 326M
current process commit charge ("private bytes"): 523M, peak: 555M

vm_info: Java HotSpot(TM) 64-Bit Server VM (11.0.1+13-LTS) for windows-amd64 JRE (11.0.1+13-LTS), built on Oct  6 2018 13:20:16 by "mach5one" with MS VC++ 15.5 (VS2017)

END.
